INFO [2023-02-20 16:13:47] $x
INFO [2023-02-20 16:13:47] list(a, b, c, d)
INFO [2023-02-20 16:13:47] 
INFO [2023-02-20 16:13:47] $category.names
INFO [2023-02-20 16:13:47] c("Spermidine vs Ctl", "Spermine vs Ctl", "Spermine + Spermidine vs Ctrl", 
INFO [2023-02-20 16:13:47]     "At-risk vs HC-like")
INFO [2023-02-20 16:13:47] 
INFO [2023-02-20 16:13:47] $filename
INFO [2023-02-20 16:13:47] [1] "results/figures/spermidine_spermine_proteomics.pdf"
INFO [2023-02-20 16:13:47] 
INFO [2023-02-20 16:13:47] $output
INFO [2023-02-20 16:13:47] [1] TRUE
INFO [2023-02-20 16:13:47] 
INFO [2023-02-20 16:13:47] $fill
INFO [2023-02-20 16:13:47] myCol
INFO [2023-02-20 16:13:47] 
INFO [2023-02-20 16:13:47] $cat.default.pos
INFO [2023-02-20 16:13:47] [1] "text"
INFO [2023-02-20 16:13:47] 
ERROR [2023-02-20 16:13:47] Unexpected parameter length for "fill"
