INFO [2023-02-21 15:47:34] $x
INFO [2023-02-21 15:47:34] list(a, b, c, d)
INFO [2023-02-21 15:47:34] 
INFO [2023-02-21 15:47:34] $category.names
INFO [2023-02-21 15:47:34] c("Spermidine vs Ctl", "Spermine vs Ctl", "Spermine + Spermidine vs Ctrl", 
INFO [2023-02-21 15:47:34]     "At-risk vs HC-like")
INFO [2023-02-21 15:47:34] 
INFO [2023-02-21 15:47:34] $filename
INFO [2023-02-21 15:47:34] [1] "results/figures/venn_spermidine_spermine_proteomics.png"
INFO [2023-02-21 15:47:34] 
INFO [2023-02-21 15:47:34] $output
INFO [2023-02-21 15:47:34] [1] TRUE
INFO [2023-02-21 15:47:34] 
INFO [2023-02-21 15:47:34] $fill
INFO [2023-02-21 15:47:34] myCol
INFO [2023-02-21 15:47:34] 
INFO [2023-02-21 15:47:34] $cat.default.pos
INFO [2023-02-21 15:47:34] [1] "text"
INFO [2023-02-21 15:47:34] 
INFO [2023-02-21 15:47:34] $imagetype
INFO [2023-02-21 15:47:34] [1] "png"
INFO [2023-02-21 15:47:34] 
