INFO [2023-02-21 16:08:51] $x
INFO [2023-02-21 16:08:51] list(a, b, c, d)
INFO [2023-02-21 16:08:51] 
INFO [2023-02-21 16:08:51] $category.names
INFO [2023-02-21 16:08:51] c("Spermidine vs Ctl", "Spermine vs Ctl", "Spermine + Spermidine vs Ctrl", 
INFO [2023-02-21 16:08:51]     "At-risk vs HC-like")
INFO [2023-02-21 16:08:51] 
INFO [2023-02-21 16:08:51] $filename
INFO [2023-02-21 16:08:51] [1] "results/figures/venn_spermidine_spermine_proteomics.png"
INFO [2023-02-21 16:08:51] 
INFO [2023-02-21 16:08:51] $output
INFO [2023-02-21 16:08:51] [1] TRUE
INFO [2023-02-21 16:08:51] 
INFO [2023-02-21 16:08:51] $fill
INFO [2023-02-21 16:08:51] myCol
INFO [2023-02-21 16:08:51] 
INFO [2023-02-21 16:08:51] $cat.default.pos
INFO [2023-02-21 16:08:51] [1] "text"
INFO [2023-02-21 16:08:51] 
INFO [2023-02-21 16:08:51] $imagetype
INFO [2023-02-21 16:08:51] [1] "png"
INFO [2023-02-21 16:08:51] 
