INFO [2023-02-21 17:54:02] $x
INFO [2023-02-21 17:54:02] list(a, b, d)
INFO [2023-02-21 17:54:02] 
INFO [2023-02-21 17:54:02] $category.names
INFO [2023-02-21 17:54:02] c("Spermidine vs Ctl", "Spermine vs Ctl", "At-risk vs HC-like")
INFO [2023-02-21 17:54:02] 
INFO [2023-02-21 17:54:02] $filename
INFO [2023-02-21 17:54:02] [1] "results/figures/venn_spermidine_spermine_proteomics_V2.png"
INFO [2023-02-21 17:54:02] 
INFO [2023-02-21 17:54:02] $output
INFO [2023-02-21 17:54:02] [1] TRUE
INFO [2023-02-21 17:54:02] 
INFO [2023-02-21 17:54:02] $fill
INFO [2023-02-21 17:54:02] myCol
INFO [2023-02-21 17:54:02] 
INFO [2023-02-21 17:54:02] $cat.default.pos
INFO [2023-02-21 17:54:02] [1] "text"
INFO [2023-02-21 17:54:02] 
INFO [2023-02-21 17:54:02] $imagetype
INFO [2023-02-21 17:54:02] [1] "png"
INFO [2023-02-21 17:54:02] 
