INFO [2023-02-21 15:50:07] $x
INFO [2023-02-21 15:50:07] list(a, b, c, d)
INFO [2023-02-21 15:50:07] 
INFO [2023-02-21 15:50:07] $category.names
INFO [2023-02-21 15:50:07] c("Spermidine vs Ctl", "Spermine vs Ctl", "Spermine + Spermidine vs Ctrl", 
INFO [2023-02-21 15:50:07]     "At-risk vs HC-like")
INFO [2023-02-21 15:50:07] 
INFO [2023-02-21 15:50:07] $filename
INFO [2023-02-21 15:50:07] [1] "results/figures/venn_spermidine_spermine_proteomics.png"
INFO [2023-02-21 15:50:07] 
INFO [2023-02-21 15:50:07] $output
INFO [2023-02-21 15:50:07] [1] TRUE
INFO [2023-02-21 15:50:07] 
INFO [2023-02-21 15:50:07] $fill
INFO [2023-02-21 15:50:07] myCol
INFO [2023-02-21 15:50:07] 
INFO [2023-02-21 15:50:07] $cat.default.pos
INFO [2023-02-21 15:50:07] [1] "text"
INFO [2023-02-21 15:50:07] 
INFO [2023-02-21 15:50:07] $imagetype
INFO [2023-02-21 15:50:07] [1] "png"
INFO [2023-02-21 15:50:07] 
