INFO [2023-02-21 17:54:03] $x
INFO [2023-02-21 17:54:03] list(a, b, c, d)
INFO [2023-02-21 17:54:03] 
INFO [2023-02-21 17:54:03] $category.names
INFO [2023-02-21 17:54:03] c("Spermidine vs Ctl", "Spermine vs Ctl", "Spermine + Spermidine vs Ctrl", 
INFO [2023-02-21 17:54:03]     "At-risk vs HC-like")
INFO [2023-02-21 17:54:03] 
INFO [2023-02-21 17:54:03] $filename
INFO [2023-02-21 17:54:03] [1] "results/figures/venn_spermidine_spermine_proteomics.png"
INFO [2023-02-21 17:54:03] 
INFO [2023-02-21 17:54:03] $output
INFO [2023-02-21 17:54:03] [1] TRUE
INFO [2023-02-21 17:54:03] 
INFO [2023-02-21 17:54:03] $fill
INFO [2023-02-21 17:54:03] myCol
INFO [2023-02-21 17:54:03] 
INFO [2023-02-21 17:54:03] $cat.default.pos
INFO [2023-02-21 17:54:03] [1] "text"
INFO [2023-02-21 17:54:03] 
INFO [2023-02-21 17:54:03] $imagetype
INFO [2023-02-21 17:54:03] [1] "png"
INFO [2023-02-21 17:54:03] 
