INFO [2023-02-21 15:59:52] $x
INFO [2023-02-21 15:59:52] list(a, b, c, d)
INFO [2023-02-21 15:59:52] 
INFO [2023-02-21 15:59:52] $category.names
INFO [2023-02-21 15:59:52] c("Spermidine vs Ctl", "Spermine vs Ctl", "Spermine + Spermidine vs Ctrl", 
INFO [2023-02-21 15:59:52]     "At-risk vs HC-like")
INFO [2023-02-21 15:59:52] 
INFO [2023-02-21 15:59:52] $filename
INFO [2023-02-21 15:59:52] [1] "results/figures/venn_spermidine_spermine_proteomics.png"
INFO [2023-02-21 15:59:52] 
INFO [2023-02-21 15:59:52] $output
INFO [2023-02-21 15:59:52] [1] TRUE
INFO [2023-02-21 15:59:52] 
INFO [2023-02-21 15:59:52] $fill
INFO [2023-02-21 15:59:52] myCol
INFO [2023-02-21 15:59:52] 
INFO [2023-02-21 15:59:52] $cat.default.pos
INFO [2023-02-21 15:59:52] [1] "text"
INFO [2023-02-21 15:59:52] 
INFO [2023-02-21 15:59:52] $imagetype
INFO [2023-02-21 15:59:52] [1] "png"
INFO [2023-02-21 15:59:52] 
