INFO [2023-02-21 15:17:18] $x
INFO [2023-02-21 15:17:18] list(a, b, c, d)
INFO [2023-02-21 15:17:18] 
INFO [2023-02-21 15:17:18] $category.names
INFO [2023-02-21 15:17:18] c("Spermidine vs Ctl", "Spermine vs Ctl", "Spermine + Spermidine vs Ctrl", 
INFO [2023-02-21 15:17:18]     "At-risk vs HC-like")
INFO [2023-02-21 15:17:18] 
INFO [2023-02-21 15:17:18] $filename
INFO [2023-02-21 15:17:18] [1] "results/figures/venn_spermidine_spermine_proteomics.png"
INFO [2023-02-21 15:17:18] 
INFO [2023-02-21 15:17:18] $output
INFO [2023-02-21 15:17:18] [1] TRUE
INFO [2023-02-21 15:17:18] 
INFO [2023-02-21 15:17:18] $fill
INFO [2023-02-21 15:17:18] myCol
INFO [2023-02-21 15:17:18] 
INFO [2023-02-21 15:17:18] $cat.default.pos
INFO [2023-02-21 15:17:18] [1] "text"
INFO [2023-02-21 15:17:18] 
INFO [2023-02-21 15:17:18] $imagetype
INFO [2023-02-21 15:17:18] [1] "png"
INFO [2023-02-21 15:17:18] 
