INFO [2023-02-21 15:50:06] $x
INFO [2023-02-21 15:50:06] list(a, b, d)
INFO [2023-02-21 15:50:06] 
INFO [2023-02-21 15:50:06] $category.names
INFO [2023-02-21 15:50:06] c("Spermidine vs Ctl", "Spermine vs Ctl", "At-risk vs HC-like")
INFO [2023-02-21 15:50:06] 
INFO [2023-02-21 15:50:06] $filename
INFO [2023-02-21 15:50:06] [1] "results/figures/venn_spermidine_spermine_proteomics_V2.png"
INFO [2023-02-21 15:50:06] 
INFO [2023-02-21 15:50:06] $output
INFO [2023-02-21 15:50:06] [1] TRUE
INFO [2023-02-21 15:50:06] 
INFO [2023-02-21 15:50:06] $fill
INFO [2023-02-21 15:50:06] myCol
INFO [2023-02-21 15:50:06] 
INFO [2023-02-21 15:50:06] $cat.default.pos
INFO [2023-02-21 15:50:06] [1] "text"
INFO [2023-02-21 15:50:06] 
INFO [2023-02-21 15:50:06] $imagetype
INFO [2023-02-21 15:50:06] [1] "png"
INFO [2023-02-21 15:50:06] 
